<?xml version="1.0" encoding="UTF-8"?>
<coverage generated="1673193346193" clover="3.2.0">
  <project timestamp="1673193346193" name="All files">
    <metrics statements="12" coveredstatements="12" conditionals="0" coveredconditionals="0" methods="7" coveredmethods="7" elements="19" coveredelements="19" complexity="0" loc="12" ncloc="12" packages="3" files="4" classes="4"/>
    <package name="application.repositories">
      <metrics statements="2" coveredstatements="2" conditionals="0" coveredconditionals="0" methods="2" coveredmethods="2"/>
      <file name="InMemoryRepository.ts" path="/Users/benjamin/Code/pokedex/src/core/pokemon/application/repositories/InMemoryRepository.ts">
        <metrics statements="2" coveredstatements="2" conditionals="0" coveredconditionals="0" methods="2" coveredmethods="2"/>
        <line num="6" count="1" type="stmt"/>
        <line num="13" count="1" type="stmt"/>
      </file>
    </package>
    <package name="application.useCases">
      <metrics statements="8" coveredstatements="8" conditionals="0" coveredconditionals="0" methods="2" coveredmethods="2"/>
      <file name="ViewDetailsOfPokemon.ts" path="/Users/benjamin/Code/pokedex/src/core/pokemon/application/useCases/ViewDetailsOfPokemon.ts">
        <metrics statements="4" coveredstatements="4" conditionals="0" coveredconditionals="0" methods="1" coveredmethods="1"/>
        <line num="4" count="1" type="stmt"/>
        <line num="5" count="1" type="stmt"/>
        <line num="6" count="1" type="stmt"/>
        <line num="7" count="1" type="stmt"/>
      </file>
      <file name="ViewListOfAllPokemon.ts" path="/Users/benjamin/Code/pokedex/src/core/pokemon/application/useCases/ViewListOfAllPokemon.ts">
        <metrics statements="4" coveredstatements="4" conditionals="0" coveredconditionals="0" methods="1" coveredmethods="1"/>
        <line num="4" count="1" type="stmt"/>
        <line num="5" count="1" type="stmt"/>
        <line num="6" count="1" type="stmt"/>
        <line num="7" count="1" type="stmt"/>
      </file>
    </package>
    <package name="domain.entities">
      <metrics statements="2" coveredstatements="2" conditionals="0" coveredconditionals="0" methods="3" coveredmethods="3"/>
      <file name="Pokemon.ts" path="/Users/benjamin/Code/pokedex/src/core/pokemon/domain/entities/Pokemon.ts">
        <metrics statements="2" coveredstatements="2" conditionals="0" coveredconditionals="0" methods="3" coveredmethods="3"/>
        <line num="13" count="1" type="stmt"/>
        <line num="17" count="1" type="stmt"/>
      </file>
    </package>
  </project>
</coverage>
