{"/Users/benjamin/Code/pokedex/src/core/pokemon/application/repositories/InMemoryRepository.ts": {"path":"/Users/benjamin/Code/pokedex/src/core/pokemon/application/repositories/InMemoryRepository.ts","statementMap":{"0":{"start":{"line":6,"column":4},"end":{"line":9,"column":6}},"1":{"start":{"line":13,"column":4},"end":{"line":13,"column":56}}},"fnMap":{"0":{"name":"(anonymous_0)","decl":{"start":{"line":5,"column":2},"end":{"line":5,"column":3}},"loc":{"start":{"line":5,"column":34},"end":{"line":10,"column":3}},"line":5},"1":{"name":"(anonymous_1)","decl":{"start":{"line":12,"column":2},"end":{"line":12,"column":3}},"loc":{"start":{"line":12,"column":46},"end":{"line":14,"column":3}},"line":12}},"branchMap":{},"s":{"0":1,"1":1},"f":{"0":1,"1":1},"b":{},"_coverageSchema":"1a1c01bbd47fc00a2c39e90264f33305004495a9","hash":"00c95e55f519aa4216810063361bcd13053c2f29"}
,"/Users/benjamin/Code/pokedex/src/core/pokemon/application/useCases/ViewDetailsOfPokemon.ts": {"path":"/Users/benjamin/Code/pokedex/src/core/pokemon/application/useCases/ViewDetailsOfPokemon.ts","statementMap":{"0":{"start":{"line":4,"column":36},"end":{"line":8,"column":1}},"1":{"start":{"line":5,"column":15},"end":{"line":5,"column":39}},"2":{"start":{"line":6,"column":24},"end":{"line":6,"column":47}},"3":{"start":{"line":7,"column":2},"end":{"line":7,"column":53}}},"fnMap":{"0":{"name":"(anonymous_0)","decl":{"start":{"line":4,"column":36},"end":{"line":4,"column":37}},"loc":{"start":{"line":4,"column":52},"end":{"line":8,"column":1}},"line":4}},"branchMap":{},"s":{"0":1,"1":1,"2":1,"3":1},"f":{"0":1},"b":{},"_coverageSchema":"1a1c01bbd47fc00a2c39e90264f33305004495a9","hash":"1e88372f7c0907a3dd2993da602cf3da6e4d3203"}
,"/Users/benjamin/Code/pokedex/src/core/pokemon/domain/entities/Pokemon.ts": {"path":"/Users/benjamin/Code/pokedex/src/core/pokemon/domain/entities/Pokemon.ts","statementMap":{"0":{"start":{"line":13,"column":4},"end":{"line":13,"column":35}},"1":{"start":{"line":17,"column":4},"end":{"line":17,"column":23}}},"fnMap":{"0":{"name":"(anonymous_0)","decl":{"start":{"line":4,"column":2},"end":{"line":4,"column":3}},"loc":{"start":{"line":10,"column":4},"end":{"line":10,"column":6}},"line":10},"1":{"name":"(anonymous_1)","decl":{"start":{"line":12,"column":2},"end":{"line":12,"column":3}},"loc":{"start":{"line":12,"column":44},"end":{"line":14,"column":3}},"line":12},"2":{"name":"(anonymous_2)","decl":{"start":{"line":16,"column":2},"end":{"line":16,"column":3}},"loc":{"start":{"line":16,"column":32},"end":{"line":18,"column":3}},"line":16}},"branchMap":{},"s":{"0":1,"1":1},"f":{"0":5,"1":1,"2":1},"b":{},"_coverageSchema":"1a1c01bbd47fc00a2c39e90264f33305004495a9","hash":"e676176684f15bbabd314155509024a31443ee3c"}
,"/Users/benjamin/Code/pokedex/src/core/pokemon/domain/services/PokemonGetter.ts": {"path":"/Users/benjamin/Code/pokedex/src/core/pokemon/domain/services/PokemonGetter.ts","statementMap":{"0":{"start":{"line":8,"column":4},"end":{"line":8,"column":61}},"1":{"start":{"line":12,"column":4},"end":{"line":12,"column":49}}},"fnMap":{"0":{"name":"(anonymous_0)","decl":{"start":{"line":5,"column":2},"end":{"line":5,"column":3}},"loc":{"start":{"line":5,"column":60},"end":{"line":5,"column":62}},"line":5},"1":{"name":"(anonymous_1)","decl":{"start":{"line":7,"column":2},"end":{"line":7,"column":3}},"loc":{"start":{"line":7,"column":53},"end":{"line":9,"column":3}},"line":7},"2":{"name":"(anonymous_2)","decl":{"start":{"line":11,"column":2},"end":{"line":11,"column":3}},"loc":{"start":{"line":11,"column":40},"end":{"line":13,"column":3}},"line":11}},"branchMap":{},"s":{"0":2,"1":1},"f":{"0":3,"1":2,"2":1},"b":{},"_coverageSchema":"1a1c01bbd47fc00a2c39e90264f33305004495a9","hash":"7be6b01792b7c9dd9413a4f5b83b9e7eb67b21c1"}
}
